[debug] [2020-07-16T22:08:45.422Z] ----------------------------------------------------------------------
[debug] [2020-07-16T22:08:45.427Z] Command:       C:\Program Files\nodejs\node.exe C:\Users\david\AppData\Roaming\npm\node_modules\firebase-tools\lib\bin\firebase.js login
[debug] [2020-07-16T22:08:45.427Z] CLI Version:   8.6.0
[debug] [2020-07-16T22:08:45.427Z] Platform:      win32
[debug] [2020-07-16T22:08:45.428Z] Node Version:  v14.1.0
[debug] [2020-07-16T22:08:45.430Z] Time:          Thu Jul 16 2020 15:08:45 GMT-0700 (Pacific Daylight Time)
[debug] [2020-07-16T22:08:45.430Z] ----------------------------------------------------------------------
[debug] [2020-07-16T22:08:45.430Z] 
[info] i  Firebase optionally collects CLI usage and error reporting information to help improve our products. Data is collected in accordance with Google's privacy policy (https://policies.google.com/privacy) and is not used to identify you.
 
[info] i  To change your data collection preference at any time, run `firebase logout` and log in again. 
[info] 
[info] Visit this URL on this device to log in:
[info] https://accounts.google.com/o/oauth2/auth?client_id=563584335869-fgrhgmd47bqnekij5i8b5pr03ho849e6.apps.googleusercontent.com&scope=email%20openid%20https%3A%2F%2Fwww.googleapis.com%2Fauth%2Fcloudplatformprojects.readonly%20https%3A%2F%2Fwww.googleapis.com%2Fauth%2Ffirebase%20https%3A%2F%2Fwww.googleapis.com%2Fauth%2Fcloud-platform&response_type=code&state=1030437993&redirect_uri=http%3A%2F%2Flocalhost%3A9005
[info] 
[info] Waiting for authentication...
[debug] [2020-07-16T22:08:49.648Z] Error: spawn cmd ENOENT
    at Process.ChildProcess._handle.onexit (internal/child_process.js:268:19)
    at onErrorNT (internal/child_process.js:468:16)
    at processTicksAndRejections (internal/process/task_queues.js:84:21)
[error] 
[error] Error: An unexpected error has occurred.
[debug] [2020-07-16T22:19:18.390Z] ----------------------------------------------------------------------
[debug] [2020-07-16T22:19:18.392Z] Command:       C:\Program Files\nodejs\node.exe C:\Users\david\AppData\Roaming\npm\node_modules\firebase-tools\lib\bin\firebase.js login
[debug] [2020-07-16T22:19:18.392Z] CLI Version:   8.6.0
[debug] [2020-07-16T22:19:18.392Z] Platform:      win32
[debug] [2020-07-16T22:19:18.392Z] Node Version:  v14.1.0
[debug] [2020-07-16T22:19:18.393Z] Time:          Thu Jul 16 2020 15:19:18 GMT-0700 (Pacific Daylight Time)
[debug] [2020-07-16T22:19:18.393Z] ----------------------------------------------------------------------
[debug] [2020-07-16T22:19:18.394Z] 
[info] i  Firebase optionally collects CLI usage and error reporting information to help improve our products. Data is collected in accordance with Google's privacy policy (https://policies.google.com/privacy) and is not used to identify you.
 
[info] 
[info] Visit this URL on this device to log in:
[info] https://accounts.google.com/o/oauth2/auth?client_id=563584335869-fgrhgmd47bqnekij5i8b5pr03ho849e6.apps.googleusercontent.com&scope=email%20openid%20https%3A%2F%2Fwww.googleapis.com%2Fauth%2Fcloudplatformprojects.readonly%20https%3A%2F%2Fwww.googleapis.com%2Fauth%2Ffirebase%20https%3A%2F%2Fwww.googleapis.com%2Fauth%2Fcloud-platform&response_type=code&state=725652919&redirect_uri=http%3A%2F%2Flocalhost%3A9005
[info] 
[info] Waiting for authentication...
[debug] [2020-07-16T22:21:21.865Z] Error: spawn cmd ENOENT
    at Process.ChildProcess._handle.onexit (internal/child_process.js:268:19)
    at onErrorNT (internal/child_process.js:468:16)
    at processTicksAndRejections (internal/process/task_queues.js:84:21)
[error] 
[error] Error: An unexpected error has occurred.
[debug] [2020-07-16T22:21:36.172Z] ----------------------------------------------------------------------
[debug] [2020-07-16T22:21:36.174Z] Command:       C:\Program Files\nodejs\node.exe C:\Users\david\AppData\Roaming\npm\node_modules\firebase-tools\lib\bin\firebase.js --debug login
[debug] [2020-07-16T22:21:36.174Z] CLI Version:   8.6.0
[debug] [2020-07-16T22:21:36.174Z] Platform:      win32
[debug] [2020-07-16T22:21:36.174Z] Node Version:  v14.1.0
[debug] [2020-07-16T22:21:36.175Z] Time:          Thu Jul 16 2020 15:21:36 GMT-0700 (Pacific Daylight Time)
[debug] [2020-07-16T22:21:36.175Z] ----------------------------------------------------------------------
[debug] [2020-07-16T22:21:36.175Z] 
[info] i  Firebase optionally collects CLI usage and error reporting information to help improve our products. Data is collected in accordance with Google's privacy policy (https://policies.google.com/privacy) and is not used to identify you.
 
[info] i  To change your data collection preference at any time, run `firebase logout` and log in again. 
[info] 
[info] Visit this URL on this device to log in:
[info] https://accounts.google.com/o/oauth2/auth?client_id=563584335869-fgrhgmd47bqnekij5i8b5pr03ho849e6.apps.googleusercontent.com&scope=email%20openid%20https%3A%2F%2Fwww.googleapis.com%2Fauth%2Fcloudplatformprojects.readonly%20https%3A%2F%2Fwww.googleapis.com%2Fauth%2Ffirebase%20https%3A%2F%2Fwww.googleapis.com%2Fauth%2Fcloud-platform&response_type=code&state=567188223&redirect_uri=http%3A%2F%2Flocalhost%3A9005
[info] 
[info] Waiting for authentication...
[debug] [2020-07-16T22:21:43.698Z] Error: spawn cmd ENOENT
    at Process.ChildProcess._handle.onexit (internal/child_process.js:268:19)
    at onErrorNT (internal/child_process.js:468:16)
    at processTicksAndRejections (internal/process/task_queues.js:84:21)
[error] 
[error] Error: An unexpected error has occurred.
[debug] [2020-07-16T22:25:26.947Z] ----------------------------------------------------------------------
[debug] [2020-07-16T22:25:26.949Z] Command:       C:\Program Files\nodejs\node.exe C:\Users\david\AppData\Roaming\npm\node_modules\firebase-tools\lib\bin\firebase.js login --interactive
[debug] [2020-07-16T22:25:26.949Z] CLI Version:   8.6.0
[debug] [2020-07-16T22:25:26.949Z] Platform:      win32
[debug] [2020-07-16T22:25:26.949Z] Node Version:  v14.1.0
[debug] [2020-07-16T22:25:26.950Z] Time:          Thu Jul 16 2020 15:25:26 GMT-0700 (Pacific Daylight Time)
[debug] [2020-07-16T22:25:26.950Z] ----------------------------------------------------------------------
[debug] [2020-07-16T22:25:26.950Z] 
[info] i  Firebase optionally collects CLI usage and error reporting information to help improve our products. Data is collected in accordance with Google's privacy policy (https://policies.google.com/privacy) and is not used to identify you.
 
[info] i  To change your data collection preference at any time, run `firebase logout` and log in again. 
[info] 
[info] Visit this URL on this device to log in:
[info] https://accounts.google.com/o/oauth2/auth?client_id=563584335869-fgrhgmd47bqnekij5i8b5pr03ho849e6.apps.googleusercontent.com&scope=email%20openid%20https%3A%2F%2Fwww.googleapis.com%2Fauth%2Fcloudplatformprojects.readonly%20https%3A%2F%2Fwww.googleapis.com%2Fauth%2Ffirebase%20https%3A%2F%2Fwww.googleapis.com%2Fauth%2Fcloud-platform&response_type=code&state=737685019&redirect_uri=http%3A%2F%2Flocalhost%3A9005
[info] 
[info] Waiting for authentication...
[debug] [2020-07-16T22:25:35.962Z] Error: spawn cmd ENOENT
    at Process.ChildProcess._handle.onexit (internal/child_process.js:268:19)
    at onErrorNT (internal/child_process.js:468:16)
    at processTicksAndRejections (internal/process/task_queues.js:84:21)
[error] 
[error] Error: An unexpected error has occurred.
